[0m[34mNov 24 13:14:49.678 INFO: manager: [0m1.1.2
[0m[34mNov 24 13:14:49.678 INFO: manager: [0mCopyright (C) 2003-2014
[0m[34mNov 24 13:14:49.678 INFO: manager: [0m  Noriaki Ando
[0m[34mNov 24 13:14:49.678 INFO: manager: [0m  Intelligent Systems Research Institute, AIST
[0m[34mNov 24 13:14:49.678 INFO: manager: [0mManager starting.
[0m[34mNov 24 13:14:49.678 INFO: manager: [0mStarting local logging.
[0m[34mNov 24 13:14:51.787 INFO: NamingManager: [0mNameServer connection failed: corba/localhost
[0m[34mNov 24 13:14:53.871 INFO: ManagerServant: [0mMaster manager not found
[0m[34mNov 24 13:15:03.865 INFO: NamingManager: [0mNameServer connection failed: corba/localhost
[0m[34mNov 24 13:15:16.016 INFO: NamingManager: [0mNameServer connection failed: corba/localhost
[0m[34mNov 24 13:15:28.092 INFO: NamingManager: [0mNameServer connection failed: corba/localhost
[0m[34mNov 24 13:15:40.206 INFO: NamingManager: [0mNameServer connection failed: corba/localhost
[0m[34mNov 24 13:15:52.336 INFO: NamingManager: [0mNameServer connection failed: corba/localhost
[0m[34mNov 24 13:16:04.449 INFO: NamingManager: [0mNameServer connection failed: corba/localhost
[0m[34mNov 24 13:16:16.863 INFO: NamingManager: [0mNameServer connection failed: corba/localhost
[0m[34mNov 24 13:16:29.003 INFO: NamingManager: [0mNameServer connection failed: corba/localhost
[0m[34mNov 24 13:16:41.121 INFO: NamingManager: [0mNameServer connection failed: corba/localhost
[0m[34mNov 24 13:16:53.282 INFO: NamingManager: [0mNameServer connection failed: corba/localhost
[0m[34mNov 24 13:17:05.407 INFO: NamingManager: [0mNameServer connection failed: corba/localhost
[0m[34mNov 24 13:17:17.546 INFO: NamingManager: [0mNameServer connection failed: corba/localhost
[0m[34mNov 24 13:17:29.687 INFO: NamingManager: [0mNameServer connection failed: corba/localhost
[0m[34mNov 24 13:17:41.767 INFO: NamingManager: [0mNameServer connection failed: corba/localhost
[0m[34mNov 24 13:17:53.893 INFO: NamingManager: [0mNameServer connection failed: corba/localhost
[0m[34mNov 24 13:18:06.099 INFO: NamingManager: [0mNameServer connection failed: corba/localhost
[0m[34mNov 24 13:18:18.240 INFO: NamingManager: [0mNameServer connection failed: corba/localhost
[0m[34mNov 24 13:18:30.316 INFO: NamingManager: [0mNameServer connection failed: corba/localhost
[0m[34mNov 24 13:18:42.431 INFO: NamingManager: [0mNameServer connection failed: corba/localhost
[0m[34mNov 24 13:18:54.561 INFO: NamingManager: [0mNameServer connection failed: corba/localhost
[0m[34mNov 24 13:19:04.774 INFO: NamingOnCorba: [0mEndpoint for the CORBA naming service (localhost) is 127.0.0.1.
[0m[34mNov 24 13:19:04.774 INFO: NamingManager: [0mNameServer connection succeeded: corba/localhost
[0m[34mNov 24 13:19:04.774 INFO: NamingManager: [0mConnected to a name server: corba/localhost
