2017/10/19 11:27:08 にビルドを開始しました。
     1>ノード 2 上のプロジェクト "C:\workspace\Voice_out\build\ZERO_CHECK.vcxproj" (build ターゲット)。
     1>PrepareForBuild:
         ディレクトリ "C:\workspace\Voice_out\build\Release\" を作成しています。
       InitializeBuildStatus:
         "AlwaysCreate" が指定されたため "Win32\Release\ZERO_CHECK\ZERO_CHECK.unsuccessfulbuild" を作成しています。
       CustomBuild:
         Checking Build System
         CMake does not need to re-run because C:/workspace/Voice_out/build/CMakeFiles/generate.stamp is up-to-date.
         CMake does not need to re-run because C:/workspace/Voice_out/build/cmake/CMakeFiles/generate.stamp is up-to-date.
         CMake does not need to re-run because C:/workspace/Voice_out/build/doc/CMakeFiles/generate.stamp is up-to-date.
         CMake does not need to re-run because C:/workspace/Voice_out/build/include/CMakeFiles/generate.stamp is up-to-date.
         CMake does not need to re-run because C:/workspace/Voice_out/build/include/Voice_output/CMakeFiles/generate.stamp is up-to-date.
         CMake does not need to re-run because C:/workspace/Voice_out/build/src/CMakeFiles/generate.stamp is up-to-date.
       FinalizeBuildStatus:
         ファイル "Win32\Release\ZERO_CHECK\ZERO_CHECK.unsuccessfulbuild" を削除しています。
         "Win32\Release\ZERO_CHECK\ZERO_CHECK.lastbuildstate" のタッチ タスクを実行しています。
     1>プロジェクト "C:\workspace\Voice_out\build\ZERO_CHECK.vcxproj" (build ターゲット) のビルドが完了しました。

ビルドに成功しました。

経過時間 00:00:00.27
