Oct 29 21:21:44.702 Manager INFO     : 1.1.0
Oct 29 21:21:44.703 Manager INFO     : Copyright (C) 2003-2008
Oct 29 21:21:44.703 Manager INFO     :   Noriaki Ando
Oct 29 21:21:44.703 Manager INFO     :   Task-intelligence Research Group,
Oct 29 21:21:44.703 Manager INFO     :   Intelligent Systems Research Institute, AIST
Oct 29 21:21:44.704 Manager INFO     : Manager starting.
Oct 29 21:21:44.704 Manager INFO     : Starting local logging.
Oct 29 21:21:44.816 NamingManager INFO     : NameServer connection succeeded: corba/localhost:2809
Oct 29 21:21:45.934 ManagerServant INFO     : Master manager not found.
Oct 29 21:21:45.949 LocalServiceAdmin INFO     : All the local services are enabled.
Oct 29 21:21:46.063 RTObject_impl INFO     : 1 execution contextwas created.
Oct 29 21:21:46.113 RTObject_impl INFO     : Initial active configuration set is default-set.
Oct 29 21:22:16.285 SdoServiceAdmin WARN     : No available SDO service in the factory: 
Oct 29 21:22:16.287 SdoServiceAdmin WARN     : No available SDO service in the factory: IDL:OpenRTM/ComponentObserver:1.0
Oct 29 21:25:10.206 SdoServiceAdmin WARN     : No available SDO service in the factory: 
Oct 29 21:25:10.208 SdoServiceAdmin WARN     : No available SDO service in the factory: IDL:OpenRTM/ComponentObserver:1.0
Oct 29 21:27:44.073 count WARN     : Dead connection:52ab74f1-5393-491b-b27a-15cf8005c579
Oct 29 21:27:45.076 count WARN     : Exception caught: minor code(1398079689).org.omg.CORBA.COMM_FAILURE:   vmcid: SUN  minor code: 201  completed: No
Oct 29 21:27:46.085 Training_start WARN     : Dead connection:0ad1e50c-f8db-4ec6-b5aa-e5d0a1fe228b
Oct 29 21:27:47.089 Training_start WARN     : Dead connection:f1fa1a3d-fe51-41d5-ae2e-6e0ae1afc052
Oct 29 21:27:48.093 Training_start WARN     : Exception caught: minor code.1398079689
Oct 29 21:27:49.097 Training_start WARN     : Exception caught: minor code.1398079689
