Oct 29 21:28:02.710 Manager INFO     : 1.1.0
Oct 29 21:28:02.711 Manager INFO     : Copyright (C) 2003-2008
Oct 29 21:28:02.711 Manager INFO     :   Noriaki Ando
Oct 29 21:28:02.712 Manager INFO     :   Task-intelligence Research Group,
Oct 29 21:28:02.712 Manager INFO     :   Intelligent Systems Research Institute, AIST
Oct 29 21:28:02.712 Manager INFO     : Manager starting.
Oct 29 21:28:02.713 Manager INFO     : Starting local logging.
Oct 29 21:28:02.851 NamingManager INFO     : NameServer connection succeeded: corba/localhost:2809
Oct 29 21:28:03.996 ManagerServant INFO     : Master manager not found.
Oct 29 21:28:04.006 LocalServiceAdmin INFO     : All the local services are enabled.
Oct 29 21:28:04.115 RTObject_impl INFO     : 1 execution contextwas created.
Oct 29 21:28:04.179 RTObject_impl INFO     : Initial active configuration set is default-set.
Oct 29 21:28:22.563 SdoServiceAdmin WARN     : No available SDO service in the factory: 
Oct 29 21:28:22.566 SdoServiceAdmin WARN     : No available SDO service in the factory: IDL:OpenRTM/ComponentObserver:1.0
Oct 29 21:29:30.417 Threshold_measurement_start WARN     : Dead connection:131ce135-e379-4a30-8b58-ceaf3f8ab915
Oct 29 21:29:31.423 Threshold_measurement_start WARN     : Exception caught: minor code.1398079689
Oct 29 21:29:37.466 count WARN     : Dead connection:0166e52f-41e7-46d4-8cb8-4fafeb2f80d8
Oct 29 21:29:38.467 count WARN     : Exception caught: minor code(1398079689).org.omg.CORBA.COMM_FAILURE:   vmcid: SUN  minor code: 201  completed: No
Oct 29 21:29:39.469 Training_start WARN     : Dead connection:1c298a29-e982-4c72-83b2-7bc7f3a5f13c
Oct 29 21:29:40.471 Training_start WARN     : Dead connection:9f307381-1f56-4fda-b85c-dc180cc266f5
