2018/10/31 1:49:18 にビルドを開始しました。
     1>ノード 2 上のプロジェクト "C:\workspace\Voice_out\build\src\voice_output.vcxproj" (Build ターゲット)。
     1>ClCompile:
         C:\Program Files (x86)\Microsoft Visual Studio 12.0\VC\bin\CL.exe /c /IC:\workspace\Voice_out\include /IC:\workspace\Voice_out\include\Voice_output /IC:\workspace\Voice_out\build /IC:\workspace\Voice_out\build\idl /I"C:\Program Files (x86)\OpenRTM-aist\1.1.2" /I"C:\Program Files (x86)\OpenRTM-aist\1.1.2\rtm\idl" /I"C:\Program Files (x86)\OpenRTM-aist\1.1.2\rtm\ext" /I"C:\Program Files (x86)\OpenRTM-aist\1.1.2\omniORB\4.2.1_vc12\include" /Zi /nologo /W3 /WX- /Od /Ob0 /Oy- /D WIN32 /D _WINDOWS /D __WIN32__ /D __x86__ /D __NT__ /D __OSVERSION__=4 /D _CRT_SECURE_NO_DEPRECATE /D INCLUDE_stub_in_nt_dll /D RTC_CORBA_CXXMAPPING11 /D _WIN32_WINNT=0x0500 /D "CMAKE_INTDIR=\"Debug\"" /D voice_output_EXPORTS /D _WINDLL /D _MBCS /Gm- /EHsc /RTC1 /MDd /GS /fp:precise /Zc:wchar_t /Zc:forScope /GR /Fo"voice_output.dir\Debug\\" /Fd"voice_output.dir\Debug\vc120.pdb" /Gd /TP /analyze- /errorReport:prompt C:\workspace\Voice_out\src\Voice_output.cpp
         Voice_output.cpp
     1>C:\workspace\Voice_out\src\Voice_output.cpp : warning C4819: ファイルは、現在のコード ページ (932) で表示できない文字を含んでいます。データの損失を防ぐために、ファイルを Unicode 形式で保存してください。
     1>C:\workspace\Voice_out\include\Voice_output\Voice_output.h : warning C4819: ファイルは、現在のコード ページ (932) で表示できない文字を含んでいます。データの損失を防ぐために、ファイルを Unicode 形式で保存してください。
     1>C:\Program Files (x86)\OpenRTM-aist\1.1.2\rtm/InPortBase.h(599): warning C4290: C++ の例外の指定は無視されます。関数が __declspec(nothrow) でないことのみ表示されます。
     1>C:\Program Files (x86)\OpenRTM-aist\1.1.2\coil/Factory.h(424): warning C4251: 'coil::Factory<AbstractClass,Identifier,Compare,Creator,Destructor>::m_creators' : class 'std::map<Identifier,coil::Factory<AbstractClass,Identifier,Compare,Creator,Destructor>::FactoryEntry,std::less<_Kty>,std::allocator<std::pair<const _Kty,_Ty>>>' は __export キーワードを使って class 'coil::Factory<AbstractClass,Identifier,Compare,Creator,Destructor>' にエクスポートしてください。
                 with
                 [
                     AbstractClass=RTC::InPortConsumer
         ,            Identifier=std::string
         ,            Compare=std::less<std::string>
         ,            Creator=RTC::InPortConsumer *(__cdecl *)(void)
         ,            Destructor=void (__cdecl *)(RTC::InPortConsumer *&)
                 ]
                 and
                 [
                     Identifier=std::string
         ,            AbstractClass=RTC::InPortConsumer
         ,            Compare=std::less<std::string>
         ,            Creator=RTC::InPortConsumer *(__cdecl *)(void)
         ,            Destructor=void (__cdecl *)(RTC::InPortConsumer *&)
         ,            _Kty=std::string
         ,            _Ty=coil::Factory<RTC::InPortConsumer,std::string,std::less<std::string>,RTC::InPortConsumer *(__cdecl *)(void),void (__cdecl *)(RTC::InPortConsumer *&)>::FactoryEntry
                 ]
                 and
                 [
                     AbstractClass=RTC::InPortConsumer
         ,            Identifier=std::string
         ,            Compare=std::less<std::string>
         ,            Creator=RTC::InPortConsumer *(__cdecl *)(void)
         ,            Destructor=void (__cdecl *)(RTC::InPortConsumer *&)
                 ]
                 C:\Program Files (x86)\OpenRTM-aist\1.1.2\rtm/InPortConsumer.h(258) : コンパイルされたクラスの テンプレート のインスタンス化 'coil::GlobalFactory<RTC::InPortConsumer,std::string,std::less<_Kty>,AbstractClass *(__cdecl *)(void),void (__cdecl *)(AbstractClass *&)>' の参照を確認してください
                 with
                 [
                     _Kty=std::string
         ,            AbstractClass=RTC::InPortConsumer
                 ]
     1>C:\Program Files (x86)\OpenRTM-aist\1.1.2\coil/Factory.h(424): warning C4251: 'coil::Factory<AbstractClass,Identifier,Compare,Creator,Destructor>::m_creators' : class 'std::map<Identifier,coil::Factory<AbstractClass,Identifier,Compare,Creator,Destructor>::FactoryEntry,std::less<_Kty>,std::allocator<std::pair<const _Kty,_Ty>>>' は __export キーワードを使って class 'coil::Factory<AbstractClass,Identifier,Compare,Creator,Destructor>' にエクスポートしてください。
                 with
                 [
                     AbstractClass=RTC::OutPortProvider
         ,            Identifier=std::string
         ,            Compare=std::less<std::string>
         ,            Creator=RTC::OutPortProvider *(__cdecl *)(void)
         ,            Destructor=void (__cdecl *)(RTC::OutPortProvider *&)
                 ]
                 and
                 [
                     Identifier=std::string
         ,            AbstractClass=RTC::OutPortProvider
         ,            Compare=std::less<std::string>
         ,            Creator=RTC::OutPortProvider *(__cdecl *)(void)
         ,            Destructor=void (__cdecl *)(RTC::OutPortProvider *&)
         ,            _Kty=std::string
         ,            _Ty=coil::Factory<RTC::OutPortProvider,std::string,std::less<std::string>,RTC::OutPortProvider *(__cdecl *)(void),void (__cdecl *)(RTC::OutPortProvider *&)>::FactoryEntry
                 ]
                 and
                 [
                     AbstractClass=RTC::OutPortProvider
         ,            Identifier=std::string
         ,            Compare=std::less<std::string>
         ,            Creator=RTC::OutPortProvider *(__cdecl *)(void)
         ,            Destructor=void (__cdecl *)(RTC::OutPortProvider *&)
                 ]
                 C:\Program Files (x86)\OpenRTM-aist\1.1.2\rtm/OutPortProvider.h(551) : コンパイルされたクラスの テンプレート のインスタンス化 'coil::GlobalFactory<RTC::OutPortProvider,std::string,std::less<_Kty>,AbstractClass *(__cdecl *)(void),void (__cdecl *)(AbstractClass *&)>' の参照を確認してください
                 with
                 [
                     _Kty=std::string
         ,            AbstractClass=RTC::OutPortProvider
                 ]
     1>C:\Program Files (x86)\OpenRTM-aist\1.1.2\rtm/OutPortBase.h(777): warning C4290: C++ の例外の指定は無視されます。関数が __declspec(nothrow) でないことのみ表示されます。
     1>C:\Program Files (x86)\OpenRTM-aist\1.1.2\coil/OS.h(92): warning C4996: 'GetVersionExA': が古い形式として宣言されました。
                 C:\Program Files (x86)\Windows Kits\8.1\Include\um\sysinfoapi.h(433) : 'GetVersionExA' の宣言を確認してください。
     1>C:\workspace\Voice_out\include\Voice_output\Voice_output.h(43): warning C4005: 'FILENAME' : マクロが再定義されました。
                 C:\workspace\Voice_out\include\Voice_output\Voice_output.h(42) : 'FILENAME' の前の定義を確認してください
     1>C:\workspace\Voice_out\include\Voice_output\Voice_output.h(44): warning C4005: 'FILENAME' : マクロが再定義されました。
                 C:\workspace\Voice_out\include\Voice_output\Voice_output.h(43) : 'FILENAME' の前の定義を確認してください
     1>C:\workspace\Voice_out\include\Voice_output\Voice_output.h(45): warning C4005: 'FILENAME' : マクロが再定義されました。
                 C:\workspace\Voice_out\include\Voice_output\Voice_output.h(44) : 'FILENAME' の前の定義を確認してください
     1>C:\workspace\Voice_out\include\Voice_output\Voice_output.h(46): warning C4005: 'FILENAME' : マクロが再定義されました。
                 C:\workspace\Voice_out\include\Voice_output\Voice_output.h(45) : 'FILENAME' の前の定義を確認してください
     1>C:\workspace\Voice_out\include\Voice_output\Voice_output.h(47): warning C4005: 'FILENAME' : マクロが再定義されました。
                 C:\workspace\Voice_out\include\Voice_output\Voice_output.h(46) : 'FILENAME' の前の定義を確認してください
     1>C:\workspace\Voice_out\include\Voice_output\Voice_output.h(48): warning C4005: 'FILENAME' : マクロが再定義されました。
                 C:\workspace\Voice_out\include\Voice_output\Voice_output.h(47) : 'FILENAME' の前の定義を確認してください
     1>C:\workspace\Voice_out\include\Voice_output\Voice_output.h(49): warning C4005: 'FILENAME' : マクロが再定義されました。
                 C:\workspace\Voice_out\include\Voice_output\Voice_output.h(48) : 'FILENAME' の前の定義を確認してください
     1>C:\workspace\Voice_out\include\Voice_output\Voice_output.h(50): warning C4005: 'FILENAME' : マクロが再定義されました。
                 C:\workspace\Voice_out\include\Voice_output\Voice_output.h(49) : 'FILENAME' の前の定義を確認してください
     1>C:\workspace\Voice_out\include\Voice_output\Voice_output.h(51): warning C4005: 'FILENAME' : マクロが再定義されました。
                 C:\workspace\Voice_out\include\Voice_output\Voice_output.h(50) : 'FILENAME' の前の定義を確認してください
       Link:
         C:\Program Files (x86)\Microsoft Visual Studio 12.0\VC\bin\link.exe /ERRORREPORT:PROMPT /OUT:"C:\workspace\Voice_out\build\src\Debug\voice_output.dll" /INCREMENTAL /NOLOGO /LIBPATH:"C:/Program Files (x86)/OpenRTM-aist/1.1.2/bin/vc12" /LIBPATH:"C:/Program Files (x86)/OpenRTM-aist/1.1.2/bin/vc12/Debug" /LIBPATH:"C:/Program Files (x86)/OpenRTM-aist/1.1.2/omniORB/4.2.1_vc12/lib/x86_win32" /LIBPATH:"C:/Program Files (x86)/OpenRTM-aist/1.1.2/omniORB/4.2.1_vc12/lib/x86_win32/Debug" RTC112_vc12d.lib coil112_vc12d.lib omniORB421_rtd.lib omniDynamic421_rtd.lib omnithread40_rtd.lib advapi32.lib ws2_32.lib mswsock.lib kernel32.lib user32.lib gdi32.lib winspool.lib shell32.lib ole32.lib oleaut32.lib uuid.lib comdlg32.lib advapi32.lib /MANIFEST /MANIFESTUAC:"level='asInvoker' uiAccess='false'" /manifest:embed /DEBUG /PDB:"C:/workspace/Voice_out/build/src/Debug/voice_output.pdb" /SUBSYSTEM:CONSOLE /TLBID:1 /DYNAMICBASE /NXCOMPAT /IMPLIB:"C:/workspace/Voice_out/build/src/Debug/voice_output.lib" /MACHINE:X86 /SAFESEH  /machine:X86 /DLL voice_output.dir\Debug\Voice_output.obj
         voice_output.vcxproj -> C:\workspace\Voice_out\build\src\Debug\voice_output.dll
     1>プロジェクト "C:\workspace\Voice_out\build\src\voice_output.vcxproj" (Build ターゲット) のビルドが完了しました。

ビルドに成功しました。

経過時間 00:00:03.51
